This file contains any messages produced by compilers while
running configure, to aid debugging if configure makes a mistake.

It was created by assign2_19370773 configure 1.0, which was
generated by GNU Autoconf 2.69.  Invocation command line was

  $ ./configure --no-create --no-recursion

## --------- ##
## Platform. ##
## --------- ##

hostname = Abhijeets-MacBook-Air.local
uname -m = x86_64
uname -r = 20.3.0
uname -s = Darwin
uname -v = Darwin Kernel Version 20.3.0: Thu Jan 21 00:07:06 PST 2021; root:xnu-7195.81.3~1/RELEASE_X86_64

/usr/bin/uname -p = i386
/bin/uname -X     = unknown

/bin/arch              = unknown
/usr/bin/arch -k       = unknown
/usr/convex/getsysinfo = unknown
/usr/bin/hostinfo      = Mach kernel version:
	 Darwin Kernel Version 20.3.0: Thu Jan 21 00:07:06 PST 2021; root:xnu-7195.81.3~1/RELEASE_X86_64
Kernel configured for up to 4 processors.
2 processors are physically available.
4 processors are logically available.
Processor type: x86_64h (Intel x86-64h Haswell)
Processors active: 0 1 2 3
Primary memory available: 8.00 gigabytes
Default processor set: 538 tasks, 2312 threads, 4 processors
Load average: 15.39, Mach factor: 0.31
/bin/machine           = unknown
/usr/bin/oslevel       = unknown
/bin/universe          = unknown

PATH: /usr/local/bin
PATH: /usr/bin
PATH: /bin
PATH: /usr/sbin
PATH: /sbin
PATH: /usr/local/mysql/bin


## ----------- ##
## Core tests. ##
## ----------- ##

configure:1817: checking for a BSD-compatible install
configure:1885: result: /usr/bin/install -c
configure:1896: checking whether build environment is sane
configure:1951: result: yes
configure:2097: checking for a thread-safe mkdir -p
configure:2136: result: ./install-sh -c -d
configure:2143: checking for gawk
configure:2173: result: no
configure:2143: checking for mawk
configure:2173: result: no
configure:2143: checking for nawk
configure:2173: result: no
configure:2143: checking for awk
configure:2159: found /usr/bin/awk
configure:2170: result: awk
configure:2181: checking whether make sets $(MAKE)
configure:2203: result: yes
configure:2232: checking whether make supports nested variables
configure:2249: result: yes
configure:2423: checking for gcc
configure:2439: found /usr/bin/gcc
configure:2450: result: gcc
configure:2679: checking for C compiler version
configure:2688: gcc --version >&5
Apple clang version 11.0.3 (clang-1103.0.32.29)
Target: x86_64-apple-darwin20.3.0
Thread model: posix
InstalledDir: /Library/Developer/CommandLineTools/usr/bin
Configured with: --prefix=/Library/Developer/CommandLineTools/usr --with-gxx-include-dir=/Library/Developer/CommandLineTools/SDKs/MacOSX.sdk/usr/include/c++/4.2.1
configure:2699: $? = 0
configure:2688: gcc -v >&5
Configured with: --prefix=/Library/Developer/CommandLineTools/usr --with-gxx-include-dir=/Library/Developer/CommandLineTools/SDKs/MacOSX.sdk/usr/include/c++/4.2.1
Apple clang version 11.0.3 (clang-1103.0.32.29)
Target: x86_64-apple-darwin20.3.0
Thread model: posix
InstalledDir: /Library/Developer/CommandLineTools/usr/bin
configure:2699: $? = 0
configure:2688: gcc -V >&5
clang: error: unsupported option '-V -Wno-objc-signed-char-bool-implicit-int-conversion'
clang: error: no input files
configure:2699: $? = 1
configure:2688: gcc -qversion >&5
clang: error: unknown argument '-qversion'; did you mean '--version'?
clang: error: no input files
configure:2699: $? = 1
configure:2719: checking whether the C compiler works
configure:2741: gcc    conftest.c  >&5
configure:2745: $? = 0
configure:2793: result: yes
configure:2796: checking for C compiler default output file name
configure:2798: result: a.out
configure:2804: checking for suffix of executables
configure:2811: gcc -o conftest    conftest.c  >&5
configure:2815: $? = 0
configure:2837: result: 
configure:2859: checking whether we are cross compiling
configure:2867: gcc -o conftest    conftest.c  >&5
configure:2871: $? = 0
configure:2878: ./conftest
configure:2882: $? = 0
configure:2897: result: no
configure:2902: checking for suffix of object files
configure:2924: gcc -c   conftest.c >&5
configure:2928: $? = 0
configure:2949: result: o
configure:2953: checking whether we are using the GNU C compiler
configure:2972: gcc -c   conftest.c >&5
configure:2972: $? = 0
configure:2981: result: yes
configure:2990: checking whether gcc accepts -g
configure:3010: gcc -c -g  conftest.c >&5
configure:3010: $? = 0
configure:3051: result: yes
configure:3068: checking for gcc option to accept ISO C89
configure:3131: gcc  -c -g -O2  conftest.c >&5
configure:3131: $? = 0
configure:3144: result: none needed
configure:3169: checking whether gcc understands -c and -o together
configure:3191: gcc -c conftest.c -o conftest2.o
configure:3194: $? = 0
configure:3191: gcc -c conftest.c -o conftest2.o
configure:3194: $? = 0
configure:3206: result: yes
configure:3370: checking that generated files are newer than configure
configure:3376: result: done
configure:3391: creating ./config.status

## ---------------- ##
## Cache variables. ##
## ---------------- ##

ac_cv_c_compiler_gnu=yes
ac_cv_env_CC_set=
ac_cv_env_CC_value=
ac_cv_env_CFLAGS_set=
ac_cv_env_CFLAGS_value=
ac_cv_env_CPPFLAGS_set=
ac_cv_env_CPPFLAGS_value=
ac_cv_env_LDFLAGS_set=
ac_cv_env_LDFLAGS_value=
ac_cv_env_LIBS_set=
ac_cv_env_LIBS_value=
ac_cv_env_build_alias_set=
ac_cv_env_build_alias_value=
ac_cv_env_host_alias_set=
ac_cv_env_host_alias_value=
ac_cv_env_target_alias_set=
ac_cv_env_target_alias_value=
ac_cv_objext=o
ac_cv_path_install='/usr/bin/install -c'
ac_cv_prog_AWK=awk
ac_cv_prog_ac_ct_CC=gcc
ac_cv_prog_cc_c89=
ac_cv_prog_cc_g=yes
ac_cv_prog_make_make_set=yes
am_cv_make_support_nested_variables=yes
am_cv_prog_cc_c_o=yes

## ----------------- ##
## Output variables. ##
## ----------------- ##

ACLOCAL='${SHELL} '\''/Users/abhijeet/ucd/unix-prog/Unix-Programming/assignment-2/missing'\'' aclocal-1.16'
AMTAR='$${TAR-tar}'
AM_BACKSLASH='\'
AM_DEFAULT_V='$(AM_DEFAULT_VERBOSITY)'
AM_DEFAULT_VERBOSITY='1'
AM_V='$(V)'
AUTOCONF='${SHELL} '\''/Users/abhijeet/ucd/unix-prog/Unix-Programming/assignment-2/missing'\'' autoconf'
AUTOHEADER='${SHELL} '\''/Users/abhijeet/ucd/unix-prog/Unix-Programming/assignment-2/missing'\'' autoheader'
AUTOMAKE='${SHELL} '\''/Users/abhijeet/ucd/unix-prog/Unix-Programming/assignment-2/missing'\'' automake-1.16'
AWK='awk'
CC='gcc'
CFLAGS='-g -O2'
CPPFLAGS=''
CYGPATH_W='echo'
DEFS='-DPACKAGE_NAME=\"assign2_19370773\" -DPACKAGE_TARNAME=\"assign2_19370773\" -DPACKAGE_VERSION=\"1.0\" -DPACKAGE_STRING=\"assign2_19370773\ 1.0\" -DPACKAGE_BUGREPORT=\"abhijeet.suryawanshi@ucdconnect.ie\" -DPACKAGE_URL=\"\" -DPACKAGE=\"assign2_19370773\" -DVERSION=\"1.0\"'
ECHO_C='\c'
ECHO_N=''
ECHO_T=''
EXEEXT=''
INSTALL_DATA='${INSTALL} -m 644'
INSTALL_PROGRAM='${INSTALL}'
INSTALL_SCRIPT='${INSTALL}'
INSTALL_STRIP_PROGRAM='$(install_sh) -c -s'
LDFLAGS=''
LIBOBJS=''
LIBS=''
LTLIBOBJS=''
MAKEINFO='${SHELL} '\''/Users/abhijeet/ucd/unix-prog/Unix-Programming/assignment-2/missing'\'' makeinfo'
MKDIR_P='./install-sh -c -d'
OBJEXT='o'
PACKAGE='assign2_19370773'
PACKAGE_BUGREPORT='abhijeet.suryawanshi@ucdconnect.ie'
PACKAGE_NAME='assign2_19370773'
PACKAGE_STRING='assign2_19370773 1.0'
PACKAGE_TARNAME='assign2_19370773'
PACKAGE_URL=''
PACKAGE_VERSION='1.0'
PATH_SEPARATOR=':'
SET_MAKE=''
SHELL='/bin/sh'
STRIP=''
VERSION='1.0'
ac_ct_CC='gcc'
am__EXEEXT_FALSE=''
am__EXEEXT_TRUE='#'
am__isrc=''
am__leading_dot='.'
am__tar='$${TAR-tar} chof - "$$tardir"'
am__untar='$${TAR-tar} xf -'
bindir='${exec_prefix}/bin'
build_alias=''
datadir='${datarootdir}'
datarootdir='${prefix}/share'
docdir='${datarootdir}/doc/${PACKAGE_TARNAME}'
dvidir='${docdir}'
exec_prefix='${prefix}'
host_alias=''
htmldir='${docdir}'
includedir='${prefix}/include'
infodir='${datarootdir}/info'
install_sh='${SHELL} /Users/abhijeet/ucd/unix-prog/Unix-Programming/assignment-2/install-sh'
libdir='${exec_prefix}/lib'
libexecdir='${exec_prefix}/libexec'
localedir='${datarootdir}/locale'
localstatedir='${prefix}/var'
mandir='${datarootdir}/man'
mkdir_p='$(MKDIR_P)'
oldincludedir='/usr/include'
pdfdir='${docdir}'
prefix='/usr/local'
program_transform_name='s,x,x,'
psdir='${docdir}'
sbindir='${exec_prefix}/sbin'
sharedstatedir='${prefix}/com'
sysconfdir='${prefix}/etc'
target_alias=''

## ----------- ##
## confdefs.h. ##
## ----------- ##

/* confdefs.h */
#define PACKAGE_NAME "assign2_19370773"
#define PACKAGE_TARNAME "assign2_19370773"
#define PACKAGE_VERSION "1.0"
#define PACKAGE_STRING "assign2_19370773 1.0"
#define PACKAGE_BUGREPORT "abhijeet.suryawanshi@ucdconnect.ie"
#define PACKAGE_URL ""
#define PACKAGE "assign2_19370773"
#define VERSION "1.0"

configure: exit 0

## ---------------------- ##
## Running config.status. ##
## ---------------------- ##

This file was extended by assign2_19370773 config.status 1.0, which was
generated by GNU Autoconf 2.69.  Invocation command line was

  CONFIG_FILES    = 
  CONFIG_HEADERS  = 
  CONFIG_LINKS    = 
  CONFIG_COMMANDS = 
  $ ./config.status 

on Abhijeets-MacBook-Air.local

config.status:751: creating Makefile
